Matthias close:
chan1 (+0ms  ): 555535554cb52b34b4b32d4b2b534aaad2aacab4b2b2b2cb2b4ab34cc1ff
chan0 (+200ms): 555535554cb52b34b4b32d4b2b534aaad2aacab4b2b2b2cb2b4ab34cc1ff
chan1 (+200ms): 555535554cb52b34b4b32d4b2b534aaad2aacab4b2b2b2cb2b4ab34cc1ff

Matthias open:
chan1 (+0ms  ): 555535554cb52b34b4b32d4b2b534aab32aacab34b2d55554b32d2ccbdff
chan0 (+200ms): 555535554cb52b34b4b32d4b2b534aab32aacab34b2d55554b32d2ccbdff
chan1 (+200ms): 555535554cb52b34b4b32d4b2b534aab32aacab34b2d55554b32d2ccbdff

Frame start: 2.108
Header end : 2.158
Frame end  : 2.209
Header length: 50ms
Payload length: 51ms
Frame length: 2.209 - 2.108 = 101ms

\x55\x55\x55\x55\x55\x55\x55\x55\x55\x55\x55\x55\x55\x55\x55\x55\x55\x55\x55\x55\x55\x55\x55\x55\x55\x55\x55\x4D\x55\x53\x2D\x4A\xCD\x2D\x2C\xCB\x52\xCA\xD4\xD2\xAA\xB4\xAA\xB2\xAD\x2C\xAC\xAC\xB2\xCA\xD2\xAC\xD3\x30

\x55\x55\x55\x55\x55\x55\x55\x55\x55\x55\x55\x55\x55\x55\x55\x55\x55\x55\x55\x55\x55\x55\x55\x55\x55\x55\x55\x4D\x55\x53\x2D\x4A\xCD\x2D\x2C\xCB\x52\xCA\xD4\xD2\xAA\xCC\xAA\xB2\xAC\xD2\xCB\x55\x55\x52\xCC\xB4\xB3\x2F

\x55\x55\x55\x55\x55\x55\x55\x55\x55\x55\x55\x55\x55\x55\x55\x55\x55\x55\x55\x55\x55\x55\x55\x55\x55\x55\x55\x4D\x55\x53\x2D\x4A\xCD\x2D\x2C\xCB\x4D\x2B\x35\x52\xAA\xCB\x55\x55\x4B\x2D\x32\xD3\x52\xCA\xD5\x53\x32\xB0


Sarah open:     5555554d55532d4acd2d2ccb4d2b3552aacb55554b2d32d352cad55332b0
Sarah close:    5555554d55532d4acd2d2ccb4d2b3552aab355554ad2acad32cab2accaaf
Matthias close: 5555554d55532d4acd2d2ccb52cad4d2aab4aab2ad2cacacb2cad2acd330
Matthias open:  5555554d55532d4acd2d2ccb52cad4d2aaccaab2acd2cb555552ccb4b32f

Simulated:
Frame start: 2.781
Header end : 2.831
Frame end  : 2.881
Header length: 50ms
Payload length: 50ms
Frame length: 100ms


Matthias open: 
original:   1010101010101010101010101010011010101010101010011001011010100101011001101001011010010110011001011010100101100101011010100110100101010101011001100101010101011001010101100110100101100101101010101010101010101001011001100101101001011001100101111
manchester:  1 1 1 1 1 1 1 1 1 1 1 1 1 1 0 1 1 1 1 1 1 1 1 0 1 0 0 1 1 1 0 0 0 1 0 1 1 0 0 1 1 0 0 1 0 1 0 0 1 1 1 0 0 1 0 0 0 1 1 1 0 1 1 0 0 0 0 0 0 1 0 1 0 0 0 0 0 0 1 0 0 0 0 1 0 1 1 0 0 1 0 0 1 1 1 1 1 1 1 1 1 1 1 0 0 1 0 1 0 0 1 1 0 0 1 0 1 0 0 1 -> FF4E2CCA723B02810B27FF2994
             1 1 1 1 1 1 1 1 1 1 1 1 1 1 0 1 1 1 1 1 1 1 1 0 1 0 0 1 1 1 0 0 0 1 0 1 1 0 0 1 1 0 0 1 0 1 0 0 1 1 1 0 0 1 0 0 0 1 1 1 0 1 1 0 0 0 0 0 0 1 0 1 0 0 0 0 0 0 1 0 0 0 0 1 0 1 1 0 0 1 0 0 1 1 1 1 1 1 1 1 1 1 1 0 0 1 0 1 0 0 1 1 0 0 1 0 1 0 0 
                                                           0 1 0 0 1 1 1 0 0 0 1 0 1 1 0 0 1 1 0 0 1 0 1 0 0 1 1 1 0 0 1 0 0 0 1 1 1 0 1 1 0 0 0 0 0 0 1 0 1 0 0 0 0 0 0 1 0 0 0 0 1 0 1 1 0 0 1 0 0 1 1 1 1 1 1 1 1 1 1 1 0 0 1 0 1 0 0 1 1 0 0 1 0 1 0 0
nrzi:       0000000000000000000000000000101000000000000000101010001000001000001010100010001000100010101010001000001000101000001000001010001000000000001010101000000000001010000000101010001000101000100000000000000000000010001010101000100010001010101000111



# inverted
Sarah close:    00b1d33593a0fe801cf72def5f
Sarah open:     00b1d33593a0fd801b2c8dc0ae
Matthias close: 00b1d3358dc4fe7ef3776dcf4a
Matthias open:  00b1d3358dc4fd7ef4d800d66b

# non inverted
Sarah close:    ff4e2cca6c5f017fe308d210a0
Sarah open:     ff4e2cca6c5f027fe4d3723f51
Matthias close: ff4e2cca723b01810c889230b5
Matthias open:  ff4e2cca723b02810b27ff2994